<?xml version="1.0" encoding="UTF-8"?>
<!-- Generated by org.testng.reporters.JUnitReportReporter -->
<testsuite hostname="DESKTOP-SIFLDSR" failures="0" tests="2" name="tests.TestTheInternet" time="23.208" errors="0" timestamp="2019-10-09T11:23:35 ART" skipped="1">
  <testcase classname="tests.TestTheInternet" name="logintest" time="23.208"/>
  <testcase classname="tests.TestTheInternet" name="testMultipleWindows">
    <skipped/>
  </testcase> <!-- testMultipleWindows -->
</testsuite> <!-- tests.TestTheInternet -->
